2025-01-28 19:07:36,292 - INFO - Detected language: ru
2025-01-28 19:07:36,297 - INFO - Text preprocessing completed in 0.76 секунд
2025-01-28 19:08:14,168 - INFO - Sequence creation completed in 37.87 секунд
2025-01-28 19:09:00,924 - INFO - Model training completed in 41.78 секунд
2025-01-28 19:09:08,586 - INFO - Metrics plotting completed in 7.66 секунд
2025-01-28 19:09:27,945 - INFO - Text generation completed in 19.36 секунд
2025-01-28 19:09:27,946 - WARNING - You are saving your model as an HDF5 file via `model.save()` or `keras.saving.save_model(model)`. This file format is considered legacy. We recommend using instead the native Keras format, e.g. `model.save('my_model.keras')` or `keras.saving.save_model(model, 'my_model.keras')`. 
2025-01-28 19:09:30,508 - INFO - Model saving completed in 2.56 секунд
2025-01-28 19:17:30,113 - INFO - Detected language: ru
2025-01-28 19:17:30,115 - INFO - Text preprocessing completed in 0.56 секунд
2025-01-28 19:17:53,029 - INFO - Sequence creation completed in 22.91 секунд
2025-01-28 19:18:54,599 - INFO - Model training completed in 53.49 секунд
2025-01-28 19:18:58,608 - INFO - Metrics plotting completed in 4.01 секунд
2025-01-28 19:19:17,627 - INFO - Text generation completed in 19.02 секунд
2025-01-28 19:19:17,628 - WARNING - You are saving your model as an HDF5 file via `model.save()` or `keras.saving.save_model(model)`. This file format is considered legacy. We recommend using instead the native Keras format, e.g. `model.save('my_model.keras')` or `keras.saving.save_model(model, 'my_model.keras')`. 
2025-01-28 19:19:18,241 - INFO - Model saving completed in 0.61 секунд
2025-01-28 19:20:20,368 - INFO - Detected language: ru
2025-01-28 19:20:20,371 - INFO - Text preprocessing completed in 0.49 секунд
2025-01-28 19:20:30,365 - INFO - Sequence creation completed in 9.99 секунд
2025-01-28 19:20:49,187 - INFO - Model training completed in 17.80 секунд
2025-01-28 19:20:49,974 - INFO - Metrics plotting completed in 0.79 секунд
2025-01-28 19:21:03,560 - INFO - Text generation completed in 13.59 секунд
2025-01-28 19:21:03,561 - WARNING - You are saving your model as an HDF5 file via `model.save()` or `keras.saving.save_model(model)`. This file format is considered legacy. We recommend using instead the native Keras format, e.g. `model.save('my_model.keras')` or `keras.saving.save_model(model, 'my_model.keras')`. 
2025-01-28 19:21:03,654 - INFO - Model saving completed in 0.09 секунд
2025-01-28 19:23:17,693 - INFO - Detected language: ru
2025-01-28 19:23:17,695 - INFO - Text preprocessing completed in 0.51 секунд
2025-01-28 19:23:29,021 - INFO - Sequence creation completed in 11.33 секунд
2025-01-28 19:23:47,502 - INFO - Model training completed in 18.14 секунд
2025-01-28 19:23:47,850 - INFO - Metrics plotting completed in 0.35 секунд
2025-01-28 19:24:01,632 - INFO - Text generation completed in 13.78 секунд
2025-01-28 19:24:01,633 - WARNING - You are saving your model as an HDF5 file via `model.save()` or `keras.saving.save_model(model)`. This file format is considered legacy. We recommend using instead the native Keras format, e.g. `model.save('my_model.keras')` or `keras.saving.save_model(model, 'my_model.keras')`. 
2025-01-28 19:24:01,678 - INFO - Model saving completed in 0.05 секунд
2025-01-28 19:24:27,197 - INFO - Detected language: ru
2025-01-28 19:24:27,199 - INFO - Text preprocessing completed in 0.47 секунд
2025-01-28 19:24:38,403 - INFO - Sequence creation completed in 11.20 секунд
2025-01-28 19:24:57,585 - INFO - Model training completed in 18.98 секунд
2025-01-28 19:24:57,971 - INFO - Metrics plotting completed in 0.39 секунд
2025-01-28 19:25:11,234 - INFO - Text generation completed in 13.26 секунд
2025-01-28 19:25:11,234 - WARNING - You are saving your model as an HDF5 file via `model.save()` or `keras.saving.save_model(model)`. This file format is considered legacy. We recommend using instead the native Keras format, e.g. `model.save('my_model.keras')` or `keras.saving.save_model(model, 'my_model.keras')`. 
2025-01-28 19:25:11,306 - INFO - Model saving completed in 0.07 секунд
2025-01-28 19:25:47,856 - INFO - Detected language: ru
2025-01-28 19:25:47,859 - INFO - Text preprocessing completed in 0.45 секунд
2025-01-28 19:25:59,370 - INFO - Sequence creation completed in 11.51 секунд
2025-01-28 19:26:22,980 - INFO - Model training completed in 23.23 секунд
2025-01-28 19:26:23,340 - INFO - Metrics plotting completed in 0.36 секунд
2025-01-28 19:26:40,641 - INFO - Text generation completed in 17.30 секунд
2025-01-28 19:26:40,642 - WARNING - You are saving your model as an HDF5 file via `model.save()` or `keras.saving.save_model(model)`. This file format is considered legacy. We recommend using instead the native Keras format, e.g. `model.save('my_model.keras')` or `keras.saving.save_model(model, 'my_model.keras')`. 
2025-01-28 19:26:40,751 - INFO - Model saving completed in 0.11 секунд
2025-01-28 19:28:42,608 - INFO - Detected language: ru
2025-01-28 19:28:42,627 - INFO - Text preprocessing completed in 0.57 секунд
2025-01-28 19:28:55,985 - INFO - Sequence creation completed in 13.36 секунд
2025-01-28 19:32:47,396 - INFO - Model training completed in 210.54 секунд
2025-01-28 19:32:52,894 - INFO - Metrics plotting completed in 5.44 секунд
2025-01-28 19:33:12,949 - INFO - Text generation completed in 20.06 секунд
2025-01-28 19:33:12,950 - WARNING - You are saving your model as an HDF5 file via `model.save()` or `keras.saving.save_model(model)`. This file format is considered legacy. We recommend using instead the native Keras format, e.g. `model.save('my_model.keras')` or `keras.saving.save_model(model, 'my_model.keras')`. 
2025-01-28 19:33:13,161 - INFO - Model saving completed in 0.21 секунд
2025-01-28 19:38:57,282 - INFO - Detected language: ru
2025-01-28 19:38:57,300 - INFO - Text preprocessing completed in 0.74 секунд
2025-01-28 19:39:10,705 - INFO - Sequence creation completed in 13.41 секунд
2025-01-28 20:03:49,852 - INFO - Model training completed in 1457.70 секунд
2025-01-28 20:03:51,920 - INFO - Metrics plotting completed in 2.04 секунд
2025-01-28 20:04:07,591 - INFO - Text generation completed in 15.67 секунд
2025-01-28 20:04:08,227 - INFO - Model saving completed in 0.60 секунд
